{"/Users/arjun/Documents/Dev/Intellect/assets/styles/Colors.tsx": {"path":"/Users/arjun/Documents/Dev/Intellect/assets/styles/Colors.tsx","statementMap":{"0":{"start":{"line":1,"column":21},"end":{"line":1,"column":30}},"1":{"start":{"line":2,"column":21},"end":{"line":2,"column":30}},"2":{"start":{"line":3,"column":24},"end":{"line":3,"column":33}},"3":{"start":{"line":4,"column":28},"end":{"line":4,"column":37}},"4":{"start":{"line":5,"column":26},"end":{"line":5,"column":35}},"5":{"start":{"line":6,"column":20},"end":{"line":6,"column":29}},"6":{"start":{"line":7,"column":27},"end":{"line":7,"column":48}},"7":{"start":{"line":8,"column":26},"end":{"line":8,"column":47}},"8":{"start":{"line":9,"column":28},"end":{"line":9,"column":37}},"9":{"start":{"line":10,"column":25},"end":{"line":10,"column":34}},"10":{"start":{"line":11,"column":33},"end":{"line":11,"column":42}},"11":{"start":{"line":12,"column":30},"end":{"line":12,"column":39}}},"fnMap":{},"branchMap":{},"s":{"0":3,"1":3,"2":3,"3":3,"4":3,"5":3,"6":3,"7":3,"8":3,"9":3,"10":3,"11":3},"f":{},"b":{},"_coverageSchema":"1a1c01bbd47fc00a2c39e90264f33305004495a9","hash":"6665554961f93cede56f985db589e95ff4f78493"}
,"/Users/arjun/Documents/Dev/Intellect/assets/styles/QuestionScreen.tsx": {"path":"/Users/arjun/Documents/Dev/Intellect/assets/styles/QuestionScreen.tsx","statementMap":{},"fnMap":{},"branchMap":{},"s":{},"f":{},"b":{},"_coverageSchema":"1a1c01bbd47fc00a2c39e90264f33305004495a9","hash":"c4b140bfea185206489dbcd911a06fcd4847a416"}
,"/Users/arjun/Documents/Dev/Intellect/screens/HomeScreen.tsx": {"path":"/Users/arjun/Documents/Dev/Intellect/screens/HomeScreen.tsx","statementMap":{"0":{"start":{"line":5,"column":19},"end":{"line":32,"column":1}},"1":{"start":{"line":6,"column":23},"end":{"line":9,"column":3}},"2":{"start":{"line":10,"column":26},"end":{"line":13,"column":3}},"3":{"start":{"line":14,"column":18},"end":{"line":18,"column":3}},"4":{"start":{"line":15,"column":4},"end":{"line":17,"column":9}},"5":{"start":{"line":19,"column":18},"end":{"line":23,"column":3}},"6":{"start":{"line":20,"column":4},"end":{"line":22,"column":9}},"7":{"start":{"line":24,"column":2},"end":{"line":31,"column":4}},"8":{"start":{"line":34,"column":15},"end":{"line":51,"column":2}}},"fnMap":{"0":{"name":"(anonymous_0)","decl":{"start":{"line":5,"column":19},"end":{"line":5,"column":20}},"loc":{"start":{"line":5,"column":35},"end":{"line":32,"column":1}},"line":5},"1":{"name":"(anonymous_1)","decl":{"start":{"line":6,"column":23},"end":{"line":6,"column":24}},"loc":{"start":{"line":6,"column":29},"end":{"line":9,"column":3}},"line":6},"2":{"name":"(anonymous_2)","decl":{"start":{"line":10,"column":26},"end":{"line":10,"column":27}},"loc":{"start":{"line":10,"column":32},"end":{"line":13,"column":3}},"line":10},"3":{"name":"(anonymous_3)","decl":{"start":{"line":14,"column":18},"end":{"line":14,"column":19}},"loc":{"start":{"line":14,"column":24},"end":{"line":18,"column":3}},"line":14},"4":{"name":"(anonymous_4)","decl":{"start":{"line":19,"column":18},"end":{"line":19,"column":19}},"loc":{"start":{"line":19,"column":23},"end":{"line":23,"column":3}},"line":19}},"branchMap":{},"s":{"0":1,"1":1,"2":1,"3":1,"4":1,"5":1,"6":1,"7":1,"8":1},"f":{"0":1,"1":0,"2":0,"3":1,"4":1},"b":{},"_coverageSchema":"1a1c01bbd47fc00a2c39e90264f33305004495a9","hash":"687afcda911d8f78edddd1b10776387ccc8dd32d"}
,"/Users/arjun/Documents/Dev/Intellect/screens/WidgetOne.tsx": {"path":"/Users/arjun/Documents/Dev/Intellect/screens/WidgetOne.tsx","statementMap":{"0":{"start":{"line":9,"column":18},"end":{"line":97,"column":1}},"1":{"start":{"line":10,"column":30},"end":{"line":10,"column":47}},"2":{"start":{"line":11,"column":23},"end":{"line":14,"column":3}},"3":{"start":{"line":15,"column":20},"end":{"line":18,"column":3}},"4":{"start":{"line":20,"column":18},"end":{"line":26,"column":3}},"5":{"start":{"line":21,"column":4},"end":{"line":25,"column":6}},"6":{"start":{"line":27,"column":23},"end":{"line":43,"column":3}},"7":{"start":{"line":28,"column":4},"end":{"line":42,"column":9}},"8":{"start":{"line":44,"column":23},"end":{"line":62,"column":3}},"9":{"start":{"line":45,"column":4},"end":{"line":61,"column":10}},"10":{"start":{"line":64,"column":2},"end":{"line":96,"column":4}},"11":{"start":{"line":99,"column":15},"end":{"line":99,"column":53}}},"fnMap":{"0":{"name":"(anonymous_0)","decl":{"start":{"line":9,"column":18},"end":{"line":9,"column":19}},"loc":{"start":{"line":9,"column":34},"end":{"line":97,"column":1}},"line":9},"1":{"name":"(anonymous_1)","decl":{"start":{"line":11,"column":23},"end":{"line":11,"column":24}},"loc":{"start":{"line":11,"column":29},"end":{"line":14,"column":3}},"line":11},"2":{"name":"(anonymous_2)","decl":{"start":{"line":15,"column":20},"end":{"line":15,"column":21}},"loc":{"start":{"line":15,"column":26},"end":{"line":18,"column":3}},"line":15},"3":{"name":"(anonymous_3)","decl":{"start":{"line":20,"column":18},"end":{"line":20,"column":19}},"loc":{"start":{"line":20,"column":24},"end":{"line":26,"column":3}},"line":20},"4":{"name":"(anonymous_4)","decl":{"start":{"line":27,"column":23},"end":{"line":27,"column":24}},"loc":{"start":{"line":27,"column":29},"end":{"line":43,"column":3}},"line":27},"5":{"name":"(anonymous_5)","decl":{"start":{"line":34,"column":21},"end":{"line":34,"column":22}},"loc":{"start":{"line":34,"column":30},"end":{"line":37,"column":7}},"line":34},"6":{"name":"(anonymous_6)","decl":{"start":{"line":44,"column":23},"end":{"line":44,"column":24}},"loc":{"start":{"line":44,"column":29},"end":{"line":62,"column":3}},"line":44}},"branchMap":{},"s":{"0":1,"1":1,"2":1,"3":1,"4":1,"5":1,"6":1,"7":1,"8":1,"9":1,"10":1,"11":1},"f":{"0":1,"1":0,"2":0,"3":1,"4":1,"5":0,"6":1},"b":{},"_coverageSchema":"1a1c01bbd47fc00a2c39e90264f33305004495a9","hash":"d88b97ac46152f77bf7f438b0f0bed2d1ac08930"}
,"/Users/arjun/Documents/Dev/Intellect/screens/WidgetTwo.tsx": {"path":"/Users/arjun/Documents/Dev/Intellect/screens/WidgetTwo.tsx","statementMap":{"0":{"start":{"line":14,"column":18},"end":{"line":137,"column":1}},"1":{"start":{"line":15,"column":30},"end":{"line":15,"column":47}},"2":{"start":{"line":26,"column":23},"end":{"line":29,"column":3}},"3":{"start":{"line":30,"column":20},"end":{"line":33,"column":3}},"4":{"start":{"line":35,"column":18},"end":{"line":41,"column":3}},"5":{"start":{"line":36,"column":4},"end":{"line":40,"column":6}},"6":{"start":{"line":43,"column":23},"end":{"line":83,"column":3}},"7":{"start":{"line":44,"column":4},"end":{"line":82,"column":6}},"8":{"start":{"line":85,"column":30},"end":{"line":95,"column":3}},"9":{"start":{"line":86,"column":4},"end":{"line":94,"column":6}},"10":{"start":{"line":96,"column":22},"end":{"line":100,"column":3}},"11":{"start":{"line":97,"column":4},"end":{"line":99,"column":25}},"12":{"start":{"line":102,"column":28},"end":{"line":113,"column":3}},"13":{"start":{"line":103,"column":4},"end":{"line":112,"column":6}},"14":{"start":{"line":115,"column":25},"end":{"line":123,"column":3}},"15":{"start":{"line":116,"column":4},"end":{"line":122,"column":6}},"16":{"start":{"line":125,"column":2},"end":{"line":136,"column":4}},"17":{"start":{"line":139,"column":15},"end":{"line":139,"column":53}}},"fnMap":{"0":{"name":"(anonymous_0)","decl":{"start":{"line":14,"column":18},"end":{"line":14,"column":19}},"loc":{"start":{"line":14,"column":34},"end":{"line":137,"column":1}},"line":14},"1":{"name":"(anonymous_1)","decl":{"start":{"line":26,"column":23},"end":{"line":26,"column":24}},"loc":{"start":{"line":26,"column":29},"end":{"line":29,"column":3}},"line":26},"2":{"name":"(anonymous_2)","decl":{"start":{"line":30,"column":20},"end":{"line":30,"column":21}},"loc":{"start":{"line":30,"column":26},"end":{"line":33,"column":3}},"line":30},"3":{"name":"(anonymous_3)","decl":{"start":{"line":35,"column":18},"end":{"line":35,"column":19}},"loc":{"start":{"line":35,"column":24},"end":{"line":41,"column":3}},"line":35},"4":{"name":"(anonymous_4)","decl":{"start":{"line":43,"column":23},"end":{"line":43,"column":24}},"loc":{"start":{"line":43,"column":29},"end":{"line":83,"column":3}},"line":43},"5":{"name":"(anonymous_5)","decl":{"start":{"line":48,"column":19},"end":{"line":48,"column":20}},"loc":{"start":{"line":48,"column":25},"end":{"line":51,"column":11}},"line":48},"6":{"name":"(anonymous_6)","decl":{"start":{"line":55,"column":19},"end":{"line":55,"column":20}},"loc":{"start":{"line":55,"column":25},"end":{"line":58,"column":11}},"line":55},"7":{"name":"(anonymous_7)","decl":{"start":{"line":62,"column":19},"end":{"line":62,"column":20}},"loc":{"start":{"line":62,"column":25},"end":{"line":65,"column":11}},"line":62},"8":{"name":"(anonymous_8)","decl":{"start":{"line":69,"column":19},"end":{"line":69,"column":20}},"loc":{"start":{"line":69,"column":25},"end":{"line":72,"column":11}},"line":69},"9":{"name":"(anonymous_9)","decl":{"start":{"line":76,"column":19},"end":{"line":76,"column":20}},"loc":{"start":{"line":76,"column":25},"end":{"line":79,"column":11}},"line":76},"10":{"name":"(anonymous_10)","decl":{"start":{"line":85,"column":30},"end":{"line":85,"column":31}},"loc":{"start":{"line":85,"column":36},"end":{"line":95,"column":3}},"line":85},"11":{"name":"(anonymous_11)","decl":{"start":{"line":96,"column":22},"end":{"line":96,"column":23}},"loc":{"start":{"line":96,"column":28},"end":{"line":100,"column":3}},"line":96},"12":{"name":"(anonymous_12)","decl":{"start":{"line":102,"column":28},"end":{"line":102,"column":29}},"loc":{"start":{"line":102,"column":34},"end":{"line":113,"column":3}},"line":102},"13":{"name":"(anonymous_13)","decl":{"start":{"line":115,"column":25},"end":{"line":115,"column":26}},"loc":{"start":{"line":115,"column":31},"end":{"line":123,"column":3}},"line":115}},"branchMap":{},"s":{"0":1,"1":1,"2":1,"3":1,"4":1,"5":1,"6":1,"7":1,"8":1,"9":1,"10":1,"11":1,"12":1,"13":1,"14":1,"15":1,"16":1,"17":1},"f":{"0":1,"1":0,"2":0,"3":1,"4":1,"5":0,"6":0,"7":0,"8":0,"9":0,"10":1,"11":1,"12":1,"13":1},"b":{},"_coverageSchema":"1a1c01bbd47fc00a2c39e90264f33305004495a9","hash":"9aa062d1e44c38b78778cfa5582b71bf8f2cfea0"}
}
