TN:
SF:assets/styles/Colors.tsx
FNF:0
FNH:0
DA:1,3
DA:2,3
DA:3,3
DA:4,3
DA:5,3
DA:6,3
DA:7,3
DA:8,3
DA:9,3
DA:10,3
DA:11,3
DA:12,3
LF:12
LH:12
BRF:0
BRH:0
end_of_record
TN:
SF:assets/styles/QuestionScreen.tsx
FNF:0
FNH:0
LF:0
LH:0
BRF:0
BRH:0
end_of_record
TN:
SF:screens/HomeScreen.tsx
FN:5,(anonymous_0)
FN:6,(anonymous_1)
FN:10,(anonymous_2)
FN:14,(anonymous_3)
FN:19,(anonymous_4)
FNF:5
FNH:3
FNDA:1,(anonymous_0)
FNDA:0,(anonymous_1)
FNDA:0,(anonymous_2)
FNDA:1,(anonymous_3)
FNDA:1,(anonymous_4)
DA:5,1
DA:6,1
DA:10,1
DA:14,1
DA:15,1
DA:19,1
DA:20,1
DA:24,1
DA:34,1
LF:9
LH:9
BRF:0
BRH:0
end_of_record
TN:
SF:screens/WidgetOne.tsx
FN:9,(anonymous_0)
FN:11,(anonymous_1)
FN:15,(anonymous_2)
FN:20,(anonymous_3)
FN:27,(anonymous_4)
FN:34,(anonymous_5)
FN:44,(anonymous_6)
FNF:7
FNH:4
FNDA:1,(anonymous_0)
FNDA:0,(anonymous_1)
FNDA:0,(anonymous_2)
FNDA:1,(anonymous_3)
FNDA:1,(anonymous_4)
FNDA:0,(anonymous_5)
FNDA:1,(anonymous_6)
DA:9,1
DA:10,1
DA:11,1
DA:15,1
DA:20,1
DA:21,1
DA:27,1
DA:28,1
DA:44,1
DA:45,1
DA:64,1
DA:99,1
LF:12
LH:12
BRF:0
BRH:0
end_of_record
TN:
SF:screens/WidgetTwo.tsx
FN:14,(anonymous_0)
FN:26,(anonymous_1)
FN:30,(anonymous_2)
FN:35,(anonymous_3)
FN:43,(anonymous_4)
FN:48,(anonymous_5)
FN:55,(anonymous_6)
FN:62,(anonymous_7)
FN:69,(anonymous_8)
FN:76,(anonymous_9)
FN:85,(anonymous_10)
FN:96,(anonymous_11)
FN:102,(anonymous_12)
FN:115,(anonymous_13)
FNF:14
FNH:7
FNDA:1,(anonymous_0)
FNDA:0,(anonymous_1)
FNDA:0,(anonymous_2)
FNDA:1,(anonymous_3)
FNDA:1,(anonymous_4)
FNDA:0,(anonymous_5)
FNDA:0,(anonymous_6)
FNDA:0,(anonymous_7)
FNDA:0,(anonymous_8)
FNDA:0,(anonymous_9)
FNDA:1,(anonymous_10)
FNDA:1,(anonymous_11)
FNDA:1,(anonymous_12)
FNDA:1,(anonymous_13)
DA:14,1
DA:15,1
DA:26,1
DA:30,1
DA:35,1
DA:36,1
DA:43,1
DA:44,1
DA:85,1
DA:86,1
DA:96,1
DA:97,1
DA:102,1
DA:103,1
DA:115,1
DA:116,1
DA:125,1
DA:139,1
LF:18
LH:18
BRF:0
BRH:0
end_of_record
